error: couldn't read `crates/cards/src/assets/2c.png`: No such file or directory (os error 2)
  --> crates/cards/src/egui.rs:11:25
   |
11 | const BYTES_2C: &[u8] = include_bytes!("assets/2c.png");
   |                         ^^^^^^^^^^^^^^^^^^^^^^^^^^^^^^^

error: couldn't read `crates/cards/src/assets/3c.png`: No such file or directory (os error 2)
  --> crates/cards/src/egui.rs:12:25
   |
12 | const BYTES_3C: &[u8] = include_bytes!("assets/3c.png");
   |                         ^^^^^^^^^^^^^^^^^^^^^^^^^^^^^^^

error: couldn't read `crates/cards/src/assets/4c.png`: No such file or directory (os error 2)
  --> crates/cards/src/egui.rs:13:25
   |
13 | const BYTES_4C: &[u8] = include_bytes!("assets/4c.png");
   |                         ^^^^^^^^^^^^^^^^^^^^^^^^^^^^^^^

error: couldn't read `crates/cards/src/assets/5c.png`: No such file or directory (os error 2)
  --> crates/cards/src/egui.rs:14:25
   |
14 | const BYTES_5C: &[u8] = include_bytes!("assets/5c.png");
   |                         ^^^^^^^^^^^^^^^^^^^^^^^^^^^^^^^

error: couldn't read `crates/cards/src/assets/6c.png`: No such file or directory (os error 2)
  --> crates/cards/src/egui.rs:15:25
   |
15 | const BYTES_6C: &[u8] = include_bytes!("assets/6c.png");
   |                         ^^^^^^^^^^^^^^^^^^^^^^^^^^^^^^^

error: couldn't read `crates/cards/src/assets/7c.png`: No such file or directory (os error 2)
  --> crates/cards/src/egui.rs:16:25
   |
16 | const BYTES_7C: &[u8] = include_bytes!("assets/7c.png");
   |                         ^^^^^^^^^^^^^^^^^^^^^^^^^^^^^^^

error: couldn't read `crates/cards/src/assets/8c.png`: No such file or directory (os error 2)
  --> crates/cards/src/egui.rs:17:25
   |
17 | const BYTES_8C: &[u8] = include_bytes!("assets/8c.png");
   |                         ^^^^^^^^^^^^^^^^^^^^^^^^^^^^^^^

error: couldn't read `crates/cards/src/assets/9c.png`: No such file or directory (os error 2)
  --> crates/cards/src/egui.rs:18:25
   |
18 | const BYTES_9C: &[u8] = include_bytes!("assets/9c.png");
   |                         ^^^^^^^^^^^^^^^^^^^^^^^^^^^^^^^

error: couldn't read `crates/cards/src/assets/tc.png`: No such file or directory (os error 2)
  --> crates/cards/src/egui.rs:19:25
   |
19 | const BYTES_TC: &[u8] = include_bytes!("assets/tc.png");
   |                         ^^^^^^^^^^^^^^^^^^^^^^^^^^^^^^^

error: couldn't read `crates/cards/src/assets/jc.png`: No such file or directory (os error 2)
  --> crates/cards/src/egui.rs:20:25
   |
20 | const BYTES_JC: &[u8] = include_bytes!("assets/jc.png");
   |                         ^^^^^^^^^^^^^^^^^^^^^^^^^^^^^^^

error: couldn't read `crates/cards/src/assets/kc.png`: No such file or directory (os error 2)
  --> crates/cards/src/egui.rs:21:25
   |
21 | const BYTES_KC: &[u8] = include_bytes!("assets/kc.png");
   |                         ^^^^^^^^^^^^^^^^^^^^^^^^^^^^^^^

error: couldn't read `crates/cards/src/assets/qc.png`: No such file or directory (os error 2)
  --> crates/cards/src/egui.rs:22:25
   |
22 | const BYTES_QC: &[u8] = include_bytes!("assets/qc.png");
   |                         ^^^^^^^^^^^^^^^^^^^^^^^^^^^^^^^

error: couldn't read `crates/cards/src/assets/ac.png`: No such file or directory (os error 2)
  --> crates/cards/src/egui.rs:23:25
   |
23 | const BYTES_AC: &[u8] = include_bytes!("assets/ac.png");
   |                         ^^^^^^^^^^^^^^^^^^^^^^^^^^^^^^^

error: couldn't read `crates/cards/src/assets/2d.png`: No such file or directory (os error 2)
  --> crates/cards/src/egui.rs:26:25
   |
26 | const BYTES_2D: &[u8] = include_bytes!("assets/2d.png");
   |                         ^^^^^^^^^^^^^^^^^^^^^^^^^^^^^^^

error: couldn't read `crates/cards/src/assets/3d.png`: No such file or directory (os error 2)
  --> crates/cards/src/egui.rs:27:25
   |
27 | const BYTES_3D: &[u8] = include_bytes!("assets/3d.png");
   |                         ^^^^^^^^^^^^^^^^^^^^^^^^^^^^^^^

error: couldn't read `crates/cards/src/assets/4d.png`: No such file or directory (os error 2)
  --> crates/cards/src/egui.rs:28:25
   |
28 | const BYTES_4D: &[u8] = include_bytes!("assets/4d.png");
   |                         ^^^^^^^^^^^^^^^^^^^^^^^^^^^^^^^

error: couldn't read `crates/cards/src/assets/5d.png`: No such file or directory (os error 2)
  --> crates/cards/src/egui.rs:29:25
   |
29 | const BYTES_5D: &[u8] = include_bytes!("assets/5d.png");
   |                         ^^^^^^^^^^^^^^^^^^^^^^^^^^^^^^^

error: couldn't read `crates/cards/src/assets/6d.png`: No such file or directory (os error 2)
  --> crates/cards/src/egui.rs:30:25
   |
30 | const BYTES_6D: &[u8] = include_bytes!("assets/6d.png");
   |                         ^^^^^^^^^^^^^^^^^^^^^^^^^^^^^^^

error: couldn't read `crates/cards/src/assets/7d.png`: No such file or directory (os error 2)
  --> crates/cards/src/egui.rs:31:25
   |
31 | const BYTES_7D: &[u8] = include_bytes!("assets/7d.png");
   |                         ^^^^^^^^^^^^^^^^^^^^^^^^^^^^^^^

error: couldn't read `crates/cards/src/assets/8d.png`: No such file or directory (os error 2)
  --> crates/cards/src/egui.rs:32:25
   |
32 | const BYTES_8D: &[u8] = include_bytes!("assets/8d.png");
   |                         ^^^^^^^^^^^^^^^^^^^^^^^^^^^^^^^

error: couldn't read `crates/cards/src/assets/9d.png`: No such file or directory (os error 2)
  --> crates/cards/src/egui.rs:33:25
   |
33 | const BYTES_9D: &[u8] = include_bytes!("assets/9d.png");
   |                         ^^^^^^^^^^^^^^^^^^^^^^^^^^^^^^^

error: couldn't read `crates/cards/src/assets/td.png`: No such file or directory (os error 2)
  --> crates/cards/src/egui.rs:34:25
   |
34 | const BYTES_TD: &[u8] = include_bytes!("assets/td.png");
   |                         ^^^^^^^^^^^^^^^^^^^^^^^^^^^^^^^

error: couldn't read `crates/cards/src/assets/jd.png`: No such file or directory (os error 2)
  --> crates/cards/src/egui.rs:35:25
   |
35 | const BYTES_JD: &[u8] = include_bytes!("assets/jd.png");
   |                         ^^^^^^^^^^^^^^^^^^^^^^^^^^^^^^^

error: couldn't read `crates/cards/src/assets/kd.png`: No such file or directory (os error 2)
  --> crates/cards/src/egui.rs:36:25
   |
36 | const BYTES_KD: &[u8] = include_bytes!("assets/kd.png");
   |                         ^^^^^^^^^^^^^^^^^^^^^^^^^^^^^^^

error: couldn't read `crates/cards/src/assets/qd.png`: No such file or directory (os error 2)
  --> crates/cards/src/egui.rs:37:25
   |
37 | const BYTES_QD: &[u8] = include_bytes!("assets/qd.png");
   |                         ^^^^^^^^^^^^^^^^^^^^^^^^^^^^^^^

error: couldn't read `crates/cards/src/assets/ad.png`: No such file or directory (os error 2)
  --> crates/cards/src/egui.rs:38:25
   |
38 | const BYTES_AD: &[u8] = include_bytes!("assets/ad.png");
   |                         ^^^^^^^^^^^^^^^^^^^^^^^^^^^^^^^

error: couldn't read `crates/cards/src/assets/2h.png`: No such file or directory (os error 2)
  --> crates/cards/src/egui.rs:41:25
   |
41 | const BYTES_2H: &[u8] = include_bytes!("assets/2h.png");
   |                         ^^^^^^^^^^^^^^^^^^^^^^^^^^^^^^^

error: couldn't read `crates/cards/src/assets/3h.png`: No such file or directory (os error 2)
  --> crates/cards/src/egui.rs:42:25
   |
42 | const BYTES_3H: &[u8] = include_bytes!("assets/3h.png");
   |                         ^^^^^^^^^^^^^^^^^^^^^^^^^^^^^^^

error: couldn't read `crates/cards/src/assets/4h.png`: No such file or directory (os error 2)
  --> crates/cards/src/egui.rs:43:25
   |
43 | const BYTES_4H: &[u8] = include_bytes!("assets/4h.png");
   |                         ^^^^^^^^^^^^^^^^^^^^^^^^^^^^^^^

error: couldn't read `crates/cards/src/assets/5h.png`: No such file or directory (os error 2)
  --> crates/cards/src/egui.rs:44:25
   |
44 